<?xml version="1.0" encoding="UTF-8"?>
<testsuite name="com.tecnocampus.groupfautorentapi.GroupFAutorentApiApplicationTests" tests="1" skipped="0" failures="0" errors="0" timestamp="2024-06-09T17:36:12" hostname="DESKTOP-2QANOKU" time="0.605">
  <properties/>
  <testcase name="contextLoads()" classname="com.tecnocampus.groupfautorentapi.GroupFAutorentApiApplicationTests" time="0.605"/>
  <system-out><![CDATA[19:36:11.149 [Test worker] INFO org.springframework.test.context.support.AnnotationConfigContextLoaderUtils -- Could not detect default configuration classes for test class [com.tecnocampus.groupfautorentapi.GroupFAutorentApiApplicationTests]: GroupFAutorentApiApplicationTests does not declare any static, non-private, non-final, nested classes annotated with @Configuration.
19:36:11.243 [Test worker] INFO org.springframework.boot.test.context.SpringBootTestContextBootstrapper -- Found @SpringBootConfiguration com.tecnocampus.groupfautorentapi.GroupFAutorentApiApplication for test class com.tecnocampus.groupfautorentapi.GroupFAutorentApiApplicationTests

  .   ____          _            __ _ _
 /\\ / ___'_ __ _ _(_)_ __  __ _ \ \ \ \
( ( )\___ | '_ | '_| | '_ \/ _` | \ \ \ \
 \\/  ___)| |_)| | | | | || (_| |  ) ) ) )
  '  |____| .__|_| |_|_| |_\__, | / / / /
 =========|_|==============|___/=/_/_/_/
 :: Spring Boot ::                (v3.2.5)

2024-06-09T19:36:11.532+02:00  WARN 2408 --- [GroupFAutorentApi] [    Test worker] ory$DuplicateJsonObjectContextCustomizer : 

Found multiple occurrences of org.json.JSONObject on the class path:

	jar:file:/C:/Users/jordi/.gradle/caches/modules-2/files-2.1/org.json/json/20211205/47032dcf2f69880f07dab3dc60b4b0ad97318308/json-20211205.jar!/org/json/JSONObject.class
	jar:file:/C:/Users/jordi/.gradle/caches/modules-2/files-2.1/com.vaadin.external.google/android-json/0.0.20131108.vaadin1/fa26d351fe62a6a17f5cda1287c1c6110dec413f/android-json-0.0.20131108.vaadin1.jar!/org/json/JSONObject.class

You may wish to exclude one of them to ensure predictable runtime behavior

2024-06-09T19:36:11.543+02:00  INFO 2408 --- [GroupFAutorentApi] [    Test worker] c.t.g.GroupFAutorentApiApplicationTests  : Starting GroupFAutorentApiApplicationTests using Java 21.0.2 with PID 2408 (started by jordi in C:\Users\jordi\Desktop\github\2D\practica 1\group-project-autorent-grupf\GroupFAutorentApi)
2024-06-09T19:36:11.544+02:00  INFO 2408 --- [GroupFAutorentApi] [    Test worker] c.t.g.GroupFAutorentApiApplicationTests  : No active profile set, falling back to 1 default profile: "default"
2024-06-09T19:36:12.371+02:00  INFO 2408 --- [GroupFAutorentApi] [    Test worker] c.t.g.GroupFAutorentApiApplicationTests  : Started GroupFAutorentApiApplicationTests in 0.997 seconds (process running for 1.847)
]]></system-out>
  <system-err><![CDATA[WARNING: A Java agent has been loaded dynamically (C:\Users\jordi\.gradle\caches\modules-2\files-2.1\net.bytebuddy\byte-buddy-agent\1.14.13\979ce25f7d3096a2e82214ba7dc972a05ce7a171\byte-buddy-agent-1.14.13.jar)
WARNING: If a serviceability tool is in use, please run with -XX:+EnableDynamicAgentLoading to hide this warning
WARNING: If a serviceability tool is not in use, please run with -Djdk.instrument.traceUsage for more information
WARNING: Dynamic loading of agents will be disallowed by default in a future release
]]></system-err>
</testsuite>
