<?xml version="1.0" encoding="UTF-8"?>
<testsuite name="com.tecnocampus.groupfautorentapi.BookingApiTest" tests="14" skipped="0" failures="0" errors="0" timestamp="2024-06-09T17:33:05" hostname="V2" time="1.866">
  <properties/>
  <testcase name="testPricingCalculationMini()" classname="com.tecnocampus.groupfautorentapi.BookingApiTest" time="1.21"/>
  <testcase name="testBookingCancellationLessThan24HoursBeforeStart()" classname="com.tecnocampus.groupfautorentapi.BookingApiTest" time="0.061"/>
  <testcase name="testInvalidBookingExceedsMaxDays()" classname="com.tecnocampus.groupfautorentapi.BookingApiTest" time="0.026"/>
  <testcase name="testBookingCancellationWithinAllowedTimeframe()" classname="com.tecnocampus.groupfautorentapi.BookingApiTest" time="0.054"/>
  <testcase name="testInvalidBookingInvalidCar()" classname="com.tecnocampus.groupfautorentapi.BookingApiTest" time="0.027"/>
  <testcase name="testPricingCalculationEconomy()" classname="com.tecnocampus.groupfautorentapi.BookingApiTest" time="0.039"/>
  <testcase name="testCarPickup()" classname="com.tecnocampus.groupfautorentapi.BookingApiTest" time="0.103"/>
  <testcase name="testCarReturn()" classname="com.tecnocampus.groupfautorentapi.BookingApiTest" time="0.081"/>
  <testcase name="testPricingCalculationFamily()" classname="com.tecnocampus.groupfautorentapi.BookingApiTest" time="0.042"/>
  <testcase name="testCarReturnLowerDamage()" classname="com.tecnocampus.groupfautorentapi.BookingApiTest" time="0.07"/>
  <testcase name="testValidBooking()" classname="com.tecnocampus.groupfautorentapi.BookingApiTest" time="0.034"/>
  <testcase name="testBookingWithPastStartDate()" classname="com.tecnocampus.groupfautorentapi.BookingApiTest" time="0.021"/>
  <testcase name="testPricingCalculationLuxury()" classname="com.tecnocampus.groupfautorentapi.BookingApiTest" time="0.039"/>
  <testcase name="testCarAvailabilityOverlap()" classname="com.tecnocampus.groupfautorentapi.BookingApiTest" time="0.037"/>
  <system-out><![CDATA[19:33:01.053 [Test worker] INFO org.springframework.test.context.support.AnnotationConfigContextLoaderUtils -- Could not detect default configuration classes for test class [com.tecnocampus.groupfautorentapi.BookingApiTest]: BookingApiTest does not declare any static, non-private, non-final, nested classes annotated with @Configuration.
19:33:01.210 [Test worker] INFO org.springframework.boot.test.context.SpringBootTestContextBootstrapper -- Found @SpringBootConfiguration com.tecnocampus.groupfautorentapi.GroupFAutorentApiApplication for test class com.tecnocampus.groupfautorentapi.BookingApiTest

  .   ____          _            __ _ _
 /\\ / ___'_ __ _ _(_)_ __  __ _ \ \ \ \
( ( )\___ | '_ | '_| | '_ \/ _` | \ \ \ \
 \\/  ___)| |_)| | | | | || (_| |  ) ) ) )
  '  |____| .__|_| |_|_| |_\__, | / / / /
 =========|_|==============|___/=/_/_/_/
 :: Spring Boot ::                (v3.2.5)

2024-06-09T19:33:01.674+02:00  WARN 14116 --- [GroupFAutorentApi] [    Test worker] ory$DuplicateJsonObjectContextCustomizer : 

Found multiple occurrences of org.json.JSONObject on the class path:

	jar:file:/C:/Users/dvsam/.gradle/caches/modules-2/files-2.1/org.json/json/20211205/47032dcf2f69880f07dab3dc60b4b0ad97318308/json-20211205.jar!/org/json/JSONObject.class
	jar:file:/C:/Users/dvsam/.gradle/caches/modules-2/files-2.1/com.vaadin.external.google/android-json/0.0.20131108.vaadin1/fa26d351fe62a6a17f5cda1287c1c6110dec413f/android-json-0.0.20131108.vaadin1.jar!/org/json/JSONObject.class

You may wish to exclude one of them to ensure predictable runtime behavior

2024-06-09T19:33:01.691+02:00  INFO 14116 --- [GroupFAutorentApi] [    Test worker] c.t.groupfautorentapi.BookingApiTest     : Starting BookingApiTest using Java 21.0.2 with PID 14116 (started by dvsam in C:\Users\dvsam\Desktop\Uni2\software\git\group-project-autorent-grupf\GroupFAutorentApi)
2024-06-09T19:33:01.693+02:00  INFO 14116 --- [GroupFAutorentApi] [    Test worker] c.t.groupfautorentapi.BookingApiTest     : No active profile set, falling back to 1 default profile: "default"
2024-06-09T19:33:02.603+02:00  INFO 14116 --- [GroupFAutorentApi] [    Test worker] .s.d.r.c.RepositoryConfigurationDelegate : Bootstrapping Spring Data JDBC repositories in DEFAULT mode.
2024-06-09T19:33:02.636+02:00  INFO 14116 --- [GroupFAutorentApi] [    Test worker] .s.d.r.c.RepositoryConfigurationDelegate : Finished Spring Data repository scanning in 29 ms. Found 0 JDBC repository interfaces.
2024-06-09T19:33:03.129+02:00  INFO 14116 --- [GroupFAutorentApi] [    Test worker] com.zaxxer.hikari.HikariDataSource       : HikariPool-1 - Starting...
2024-06-09T19:33:03.388+02:00  INFO 14116 --- [GroupFAutorentApi] [    Test worker] com.zaxxer.hikari.pool.HikariPool        : HikariPool-1 - Added connection com.mysql.cj.jdbc.ConnectionImpl@37af24cb
2024-06-09T19:33:03.391+02:00  INFO 14116 --- [GroupFAutorentApi] [    Test worker] com.zaxxer.hikari.HikariDataSource       : HikariPool-1 - Start completed.
2024-06-09T19:33:05.354+02:00  INFO 14116 --- [GroupFAutorentApi] [    Test worker] o.s.b.t.m.w.SpringBootMockServletContext : Initializing Spring TestDispatcherServlet ''
2024-06-09T19:33:05.355+02:00  INFO 14116 --- [GroupFAutorentApi] [    Test worker] o.s.t.web.servlet.TestDispatcherServlet  : Initializing Servlet ''
2024-06-09T19:33:05.356+02:00  INFO 14116 --- [GroupFAutorentApi] [    Test worker] o.s.t.web.servlet.TestDispatcherServlet  : Completed initialization in 1 ms
2024-06-09T19:33:05.391+02:00  INFO 14116 --- [GroupFAutorentApi] [    Test worker] c.t.groupfautorentapi.BookingApiTest     : Started BookingApiTest in 3.996 seconds (process running for 5.389)
{"customerId":"df0ad942-3680-4a28-a840-807b5fd5100b","carId":"217b76ba-b729-4897-a6d8-c92fb6f604e9","firstDate":"2024-06-11T00:00:00","finalDate":"2024-06-16T00:00:00","purchaseDate":"2024-06-09T00:00:00","status":"CONFIRMED","id":"8cbcc139-879a-4aad-8c4a-115ac12ebfe3","rental":202.5,"deposit":500.0}
com.tecnocampus.groupfautorentapi.application.dto.CustomerDTO@70ad0854
]]></system-out>
  <system-err><![CDATA[WARNING: A Java agent has been loaded dynamically (C:\Users\dvsam\.gradle\caches\modules-2\files-2.1\net.bytebuddy\byte-buddy-agent\1.14.13\979ce25f7d3096a2e82214ba7dc972a05ce7a171\byte-buddy-agent-1.14.13.jar)
WARNING: If a serviceability tool is in use, please run with -XX:+EnableDynamicAgentLoading to hide this warning
WARNING: If a serviceability tool is not in use, please run with -Djdk.instrument.traceUsage for more information
WARNING: Dynamic loading of agents will be disallowed by default in a future release
]]></system-err>
</testsuite>
